2023-04-18 21:44:54,239 CRITICAL client_log_config.py Критическая ошибка
2023-04-18 21:44:54,240 ERROR client_log_config.py Ошибка
2023-04-18 21:44:54,240 DEBUG client_log_config.py Отладочная информация
2023-04-18 21:44:54,240 INFO client_log_config.py Информационное сообщение
2023-04-20 21:18:52,543 INFO client.py Запущен клиент с парамертами: адрес сервера: 127.0.0.1, порт: 7777
2023-04-20 21:18:52,546 DEBUG client.py Сформировано presence сообщение для пользователя Guest
2023-04-20 21:18:52,562 DEBUG client.py Разбор сообщения от сервера: {'response': 200}
2023-04-20 21:18:52,563 INFO client.py Принят ответ от сервера 200 : OK
2023-04-20 21:21:41,129 INFO client.py Запущен клиент с парамертами: адрес сервера: 127.0.0.1, порт: 7777
2023-04-20 21:21:41,130 DEBUG client.py Сформировано presence сообщение для пользователя Guest
2023-04-20 21:21:41,135 DEBUG client.py Разбор сообщения от сервера: {'response': 200}
2023-04-20 21:21:41,135 INFO client.py Принят ответ от сервера 200 : OK
2023-04-20 21:26:29,806 INFO client.py Запущен клиент с парамертами: адрес сервера: 127.0.0.1, порт: 7777
2023-04-20 21:26:29,806 DEBUG client.py Сформировано presence сообщение для пользователя Guest
2023-04-20 21:26:29,817 DEBUG client.py Разбор сообщения от сервера: {'response': 200}
2023-04-20 21:26:29,817 INFO client.py Принят ответ от сервера 200 : OK
2023-04-21 09:58:20,973 CRITICAL client_log_config.py Критическая ошибка
2023-04-21 09:58:20,973 ERROR client_log_config.py Ошибка
2023-04-21 09:58:20,974 DEBUG client_log_config.py Отладочная информация
2023-04-21 09:58:20,974 INFO client_log_config.py Информационное сообщение
2023-04-21 10:19:51,654 DEBUG decos.py Была вызвана функция create_arg_parser c параметрами (), {}. Вызов из модуля __main__. Вызов из функции main().Вызов из функции main
2023-04-21 10:19:51,655 INFO client.py Запущен клиент с парамертами: адрес сервера: 127.0.0.1, порт: 7777
2023-04-21 10:19:51,655 DEBUG client.py Сформировано presence сообщение для пользователя Guest
2023-04-21 10:19:51,656 DEBUG decos.py Была вызвана функция create_presence c параметрами (), {}. Вызов из модуля __main__. Вызов из функции main().Вызов из функции main
2023-04-21 10:19:51,660 DEBUG client.py Разбор сообщения от сервера: {'response': 200}
2023-04-21 10:19:51,661 DEBUG decos.py Была вызвана функция process_ans c параметрами ({'response': 200},), {}. Вызов из модуля __main__. Вызов из функции main().Вызов из функции main
2023-04-21 10:19:51,661 INFO client.py Принят ответ от сервера 200 : OK
