2023-04-20 20:46:08,655 CRITICAL server_log_config.py Критическая ошибка
2023-04-20 20:46:08,656 ERROR server_log_config.py Ошибка
2023-04-20 20:46:08,657 DEBUG server_log_config.py Отладочная информация
2023-04-20 20:46:08,657 INFO server_log_config.py Информационное сообщение
2023-04-20 21:23:29,325 CRITICAL server_log_config.py Критическая ошибка
2023-04-20 21:23:29,326 ERROR server_log_config.py Ошибка
2023-04-20 21:23:29,326 DEBUG server_log_config.py Отладочная информация
2023-04-20 21:23:29,326 INFO server_log_config.py Информационное сообщение
2023-04-21 09:24:26,834 CRITICAL server_log_config.py Критическая ошибка
2023-04-21 09:24:26,835 ERROR server_log_config.py Ошибка
2023-04-21 09:24:26,835 DEBUG server_log_config.py Отладочная информация
2023-04-21 09:24:26,835 INFO server_log_config.py Информационное сообщение
2023-04-21 09:36:35,281 CRITICAL server_log_config.py Критическая ошибка
2023-04-21 09:36:35,288 ERROR server_log_config.py Ошибка
2023-04-21 09:36:35,289 DEBUG server_log_config.py Отладочная информация
2023-04-21 09:36:35,289 INFO server_log_config.py Информационное сообщение
2023-04-21 09:57:56,362 CRITICAL server_log_config.py Критическая ошибка
2023-04-21 09:57:56,363 ERROR server_log_config.py Ошибка
2023-04-21 09:57:56,363 DEBUG server_log_config.py Отладочная информация
2023-04-21 09:57:56,363 INFO server_log_config.py Информационное сообщение
2023-04-21 10:09:24,753 DEBUG decos.py Была вызвана функция create_arg_parser c параметрами (), {}. Вызов из модуля __main__. Вызов из функции main().Вызов из функции main
2023-04-21 10:09:24,754 INFO server.py Запущен сервер, порт для подключений: 7777, адрес, с которого принимаются подключения: . Если адрес не указан, принимаются соединения с любых адресов.
2023-04-21 10:24:32,431 DEBUG decos.py Была вызвана функция create_arg_parser c параметрами (), {}. Вызов из модуля __main__. Вызов из функции main().Вызов из функции main
2023-04-21 10:24:32,432 INFO server.py Запущен сервер, порт для подключений: 7777, адрес, с которого принимаются подключения: . Если адрес не указан, принимаются соединения с любых адресов.
